#
# A fatal error has been detected by the Java Runtime Environment:
#
#  Internal Error (javaClasses.cpp:136), pid=4384, tid=5240
#  fatal error: Invalid layout of preloaded class
#
# JRE version:  (7.0_67-b01) (build )
# Java VM: Java HotSpot(TM) Client VM (24.65-b04 mixed mode windows-x86 )
# Failed to write core dump. Minidumps are not enabled by default on client versions of Windows
#
# If you would like to submit a bug report, please visit:
#   http://bugreport.sun.com/bugreport/crash.jsp
#

---------------  T H R E A D  ---------------

Current thread (0x0104c800):  JavaThread "Unknown thread" [_thread_in_vm, id=5240, stack(0x00f10000,0x00f60000)]

Stack: [0x00f10000,0x00f60000],  sp=0x00f5f74c,  free space=317k
Native frames: (J=compiled Java code, j=interpreted, Vv=VM code, C=native code)
V  [jvm.dll+0x190494]
V  [jvm.dll+0x18a116]
V  [jvm.dll+0x35d7a]
V  [jvm.dll+0x35e06]
V  [jvm.dll+0x4465d]
V  [jvm.dll+0x4490e]
V  [jvm.dll+0x92f8a]
V  [jvm.dll+0x9333b]
V  [jvm.dll+0x13fa31]
V  [jvm.dll+0x1626fc]
V  [jvm.dll+0xc9d6f]
C  [javaw.exe+0x13ce]
C  [javaw.exe+0x1e40]
C  [javaw.exe+0xa601]
C  [javaw.exe+0xa68b]
C  [kernel32.dll+0x1338a]
C  [ntdll.dll+0x39f72]
C  [ntdll.dll+0x39f45]


---------------  P R O C E S S  ---------------

Java Threads: ( => current thread )

Other Threads:

=>0x0104c800 (exited) JavaThread "Unknown thread" [_thread_in_vm, id=5240, stack(0x00f10000,0x00f60000)]

VM state:not at safepoint (not fully initialized)

VM Mutex/Monitor currently owned by a thread: None

GC Heap History (0 events):
No events

Deoptimization events (0 events):
No events

Internal exceptions (0 events):
No events

Events (10 events):
Event: 0.006 loading class 0x00448d90
Event: 0.006 loading class 0x00448d90 done
Event: 0.006 loading class 0x00448dd0
Event: 0.006 loading class 0x00449340
Event: 0.006 loading class 0x00449340 done
Event: 0.006 loading class 0x0044ef50
Event: 0.007 loading class 0x0044ef50 done
Event: 0.007 loading class 0x00448dd0 done
Event: 0.007 loading class 0x00448db0
Event: 0.007 loading class 0x00448db0 done


Dynamic libraries:
0x01300000 - 0x0132f000 	C:\Program Files (x86)\Java\jre7\bin\javaw.exe
0x77860000 - 0x779e0000 	C:\Windows\SysWOW64\ntdll.dll
0x75ac0000 - 0x75bd0000 	C:\Windows\syswow64\kernel32.dll
0x770a0000 - 0x770e7000 	C:\Windows\syswow64\KERNELBASE.dll
0x761d0000 - 0x76270000 	C:\Windows\syswow64\ADVAPI32.dll
0x77270000 - 0x7731c000 	C:\Windows\syswow64\msvcrt.dll
0x75aa0000 - 0x75ab9000 	C:\Windows\SysWOW64\sechost.dll
0x75890000 - 0x75980000 	C:\Windows\syswow64\RPCRT4.dll
0x75380000 - 0x753e0000 	C:\Windows\syswow64\SspiCli.dll
0x75370000 - 0x7537c000 	C:\Windows\syswow64\CRYPTBASE.dll
0x76010000 - 0x76110000 	C:\Windows\syswow64\USER32.dll
0x771e0000 - 0x77270000 	C:\Windows\syswow64\GDI32.dll
0x76440000 - 0x7644a000 	C:\Windows\syswow64\LPK.dll
0x76270000 - 0x7630d000 	C:\Windows\syswow64\USP10.dll
0x73360000 - 0x734fe000 	C:\Windows\WinSxS\x86_microsoft.windows.common-controls_6595b64144ccf1df_6.0.7601.17514_none_41e6975e2bd6f2b2\COMCTL32.dll
0x75a40000 - 0x75a97000 	C:\Windows\syswow64\SHLWAPI.dll
0x77180000 - 0x771e0000 	C:\Windows\system32\IMM32.DLL
0x75bd0000 - 0x75c9c000 	C:\Windows\syswow64\MSCTF.dll
0x73620000 - 0x736df000 	C:\Program Files (x86)\Java\jre7\bin\msvcr100.dll
0x6eee0000 - 0x6f268000 	C:\Program Files (x86)\Java\jre7\bin\client\jvm.dll
0x73eb0000 - 0x73eb7000 	C:\Windows\system32\WSOCK32.dll
0x76190000 - 0x761c5000 	C:\Windows\syswow64\WS2_32.dll
0x77830000 - 0x77836000 	C:\Windows\syswow64\NSI.dll
0x73320000 - 0x73352000 	C:\Windows\system32\WINMM.dll
0x76430000 - 0x76435000 	C:\Windows\syswow64\PSAPI.DLL
0x745f0000 - 0x745fc000 	C:\Program Files (x86)\Java\jre7\bin\verify.dll
0x73c50000 - 0x73c70000 	C:\Program Files (x86)\Java\jre7\bin\java.dll
0x73c30000 - 0x73c43000 	C:\Program Files (x86)\Java\jre7\bin\zip.dll
0x717f0000 - 0x718db000 	C:\Windows\system32\dbghelp.dll

VM Arguments:
jvm_args: -Dfile.encoding=Cp1252 -Xbootclasspath:C:\Program Files (x86)\leJOS NXJ\lib\nxt\classes.jar 
java_command: Map
Launcher Type: SUN_STANDARD

Environment Variables:
PATH=C:/Program Files (x86)/Java/jre7/bin/client;C:/Program Files (x86)/Java/jre7/bin;C:/Program Files (x86)/Java/jre7/lib/i386;C:\Windows\system32;C:\Windows;C:\Windows\System32\Wbem;C:\Windows\System32\WindowsPowerShell\v1.0\;C:\VXIPNP\WinNT\Bin;C:\Program Files (x86)\leJOS NXJ\bin;C:\Windows\system32;C:\Windows;C:\Windows\System32\Wbem;C:\Windows\System32\WindowsPowerShell\v1.0\;C:\VXIPNP\WinNT\Bin;C:\Program Files (x86)\leJOS NXJ\bin;C:\Program Files (x86)\Eclipse\eclipse;
USERNAME=snasr5
OS=Windows_NT
PROCESSOR_IDENTIFIER=Intel64 Family 6 Model 42 Stepping 7, GenuineIntel



---------------  S Y S T E M  ---------------

OS: Windows 7 , 64 bit Build 7601 Service Pack 1

CPU:total 4 (4 cores per cpu, 1 threads per core) family 6 model 42 stepping 7, cmov, cx8, fxsr, mmx, sse, sse2, sse3, ssse3, sse4.1, sse4.2, popcnt, avx, aes, tsc, tscinvbit

Memory: 4k page, physical 4150168k(2128884k free), swap 8298472k(5669972k free)

vm_info: Java HotSpot(TM) Client VM (24.65-b04) for windows-x86 JRE (1.7.0_67-b01), built on Jul 25 2014 10:20:53 by "java_re" with unknown MS VC++:1600

time: Tue Nov 11 18:16:54 2014
elapsed time: 0 seconds

